{"total": {"lines":{"total":538,"covered":538,"skipped":0,"pct":100},"statements":{"total":538,"covered":538,"skipped":0,"pct":100},"functions":{"total":22,"covered":20,"skipped":0,"pct":90.9},"branches":{"total":56,"covered":56,"skipped":0,"pct":100},"branchesTrue":{"total":0,"covered":0,"skipped":0,"pct":100}}
,"/Users/salih/Privat/Eigene_Projekte/PrayerTimes/src/store.ts": {"lines":{"total":19,"covered":19,"skipped":0,"pct":100},"functions":{"total":1,"covered":1,"skipped":0,"pct":100},"statements":{"total":19,"covered":19,"skipped":0,"pct":100},"branches":{"total":3,"covered":3,"skipped":0,"pct":100}}
,"/Users/salih/Privat/Eigene_Projekte/PrayerTimes/src/api/index.ts": {"lines":{"total":3,"covered":3,"skipped":0,"pct":100},"functions":{"total":0,"covered":0,"skipped":0,"pct":100},"statements":{"total":3,"covered":3,"skipped":0,"pct":100},"branches":{"total":0,"covered":0,"skipped":0,"pct":100}}
,"/Users/salih/Privat/Eigene_Projekte/PrayerTimes/src/api/useGetCitiesByCountry.ts": {"lines":{"total":31,"covered":31,"skipped":0,"pct":100},"functions":{"total":2,"covered":2,"skipped":0,"pct":100},"statements":{"total":31,"covered":31,"skipped":0,"pct":100},"branches":{"total":2,"covered":2,"skipped":0,"pct":100}}
,"/Users/salih/Privat/Eigene_Projekte/PrayerTimes/src/api/useGetCountries.ts": {"lines":{"total":33,"covered":33,"skipped":0,"pct":100},"functions":{"total":2,"covered":2,"skipped":0,"pct":100},"statements":{"total":33,"covered":33,"skipped":0,"pct":100},"branches":{"total":2,"covered":2,"skipped":0,"pct":100}}
,"/Users/salih/Privat/Eigene_Projekte/PrayerTimes/src/api/useGetReverseGeocoding.ts": {"lines":{"total":33,"covered":33,"skipped":0,"pct":100},"functions":{"total":2,"covered":2,"skipped":0,"pct":100},"statements":{"total":33,"covered":33,"skipped":0,"pct":100},"branches":{"total":3,"covered":3,"skipped":0,"pct":100}}
,"/Users/salih/Privat/Eigene_Projekte/PrayerTimes/src/api/mocks/getCitiesByCountryResponseMock.ts": {"lines":{"total":37,"covered":37,"skipped":0,"pct":100},"functions":{"total":0,"covered":0,"skipped":0,"pct":100},"statements":{"total":37,"covered":37,"skipped":0,"pct":100},"branches":{"total":0,"covered":0,"skipped":0,"pct":100}}
,"/Users/salih/Privat/Eigene_Projekte/PrayerTimes/src/api/mocks/getCountriesResponseMock.ts": {"lines":{"total":43,"covered":43,"skipped":0,"pct":100},"functions":{"total":0,"covered":0,"skipped":0,"pct":100},"statements":{"total":43,"covered":43,"skipped":0,"pct":100},"branches":{"total":0,"covered":0,"skipped":0,"pct":100}}
,"/Users/salih/Privat/Eigene_Projekte/PrayerTimes/src/api/mocks/getReverseGeocodingResponseMock.ts": {"lines":{"total":17,"covered":17,"skipped":0,"pct":100},"functions":{"total":0,"covered":0,"skipped":0,"pct":100},"statements":{"total":17,"covered":17,"skipped":0,"pct":100},"branches":{"total":0,"covered":0,"skipped":0,"pct":100}}
,"/Users/salih/Privat/Eigene_Projekte/PrayerTimes/src/api/mocks/index.ts": {"lines":{"total":3,"covered":3,"skipped":0,"pct":100},"functions":{"total":0,"covered":0,"skipped":0,"pct":100},"statements":{"total":3,"covered":3,"skipped":0,"pct":100},"branches":{"total":0,"covered":0,"skipped":0,"pct":100}}
,"/Users/salih/Privat/Eigene_Projekte/PrayerTimes/src/components/loading-indicator/LoadingIndicator.tsx": {"lines":{"total":6,"covered":6,"skipped":0,"pct":100},"functions":{"total":1,"covered":1,"skipped":0,"pct":100},"statements":{"total":6,"covered":6,"skipped":0,"pct":100},"branches":{"total":1,"covered":1,"skipped":0,"pct":100}}
,"/Users/salih/Privat/Eigene_Projekte/PrayerTimes/src/components/locator/Locator.tsx": {"lines":{"total":30,"covered":30,"skipped":0,"pct":100},"functions":{"total":2,"covered":2,"skipped":0,"pct":100},"statements":{"total":30,"covered":30,"skipped":0,"pct":100},"branches":{"total":6,"covered":6,"skipped":0,"pct":100}}
,"/Users/salih/Privat/Eigene_Projekte/PrayerTimes/src/components/locator/ReversedGeoLocatedText.tsx": {"lines":{"total":54,"covered":54,"skipped":0,"pct":100},"functions":{"total":3,"covered":3,"skipped":0,"pct":100},"statements":{"total":54,"covered":54,"skipped":0,"pct":100},"branches":{"total":7,"covered":7,"skipped":0,"pct":100}}
,"/Users/salih/Privat/Eigene_Projekte/PrayerTimes/src/components/locator/useGeoLocation.ts": {"lines":{"total":37,"covered":37,"skipped":0,"pct":100},"functions":{"total":1,"covered":1,"skipped":0,"pct":100},"statements":{"total":37,"covered":37,"skipped":0,"pct":100},"branches":{"total":5,"covered":5,"skipped":0,"pct":100}}
,"/Users/salih/Privat/Eigene_Projekte/PrayerTimes/src/components/locator/manual-location-select/CityByCountrySelect.tsx": {"lines":{"total":76,"covered":76,"skipped":0,"pct":100},"functions":{"total":3,"covered":2,"skipped":0,"pct":66.66},"statements":{"total":76,"covered":76,"skipped":0,"pct":100},"branches":{"total":10,"covered":10,"skipped":0,"pct":100}}
,"/Users/salih/Privat/Eigene_Projekte/PrayerTimes/src/components/locator/manual-location-select/CountrySelect.tsx": {"lines":{"total":67,"covered":67,"skipped":0,"pct":100},"functions":{"total":3,"covered":2,"skipped":0,"pct":66.66},"statements":{"total":67,"covered":67,"skipped":0,"pct":100},"branches":{"total":11,"covered":11,"skipped":0,"pct":100}}
,"/Users/salih/Privat/Eigene_Projekte/PrayerTimes/src/components/locator/manual-location-select/ManualLocationSelect.tsx": {"lines":{"total":49,"covered":49,"skipped":0,"pct":100},"functions":{"total":2,"covered":2,"skipped":0,"pct":100},"statements":{"total":49,"covered":49,"skipped":0,"pct":100},"branches":{"total":6,"covered":6,"skipped":0,"pct":100}}
}
