{"/Users/salih/Privat/Eigene_Projekte/PrayerTimes/src/store.ts": {"path":"/Users/salih/Privat/Eigene_Projekte/PrayerTimes/src/store.ts","all":false,"statementMap":{"0":{"start":{"line":1,"column":0},"end":{"line":1,"column":33}},"1":{"start":{"line":2,"column":0},"end":{"line":2,"column":0}},"2":{"start":{"line":3,"column":0},"end":{"line":3,"column":14}},"3":{"start":{"line":4,"column":0},"end":{"line":4,"column":4}},"4":{"start":{"line":5,"column":0},"end":{"line":5,"column":72}},"5":{"start":{"line":6,"column":0},"end":{"line":6,"column":3}},"6":{"start":{"line":7,"column":0},"end":{"line":7,"column":43}},"7":{"start":{"line":8,"column":0},"end":{"line":8,"column":28}},"8":{"start":{"line":9,"column":0},"end":{"line":9,"column":4}},"9":{"start":{"line":10,"column":0},"end":{"line":10,"column":38}},"10":{"start":{"line":11,"column":0},"end":{"line":11,"column":63}},"11":{"start":{"line":12,"column":0},"end":{"line":12,"column":67}},"12":{"start":{"line":13,"column":0},"end":{"line":13,"column":2}},"13":{"start":{"line":14,"column":0},"end":{"line":14,"column":0}},"14":{"start":{"line":15,"column":0},"end":{"line":15,"column":54}},"15":{"start":{"line":16,"column":0},"end":{"line":16,"column":19}},"16":{"start":{"line":17,"column":0},"end":{"line":17,"column":36}},"17":{"start":{"line":18,"column":0},"end":{"line":18,"column":52}},"18":{"start":{"line":19,"column":0},"end":{"line":19,"column":4}}},"s":{"0":1,"1":1,"2":1,"3":1,"4":1,"5":1,"6":1,"7":1,"8":1,"9":1,"10":1,"11":1,"12":1,"13":1,"14":1,"15":5,"16":5,"17":4,"18":1},"branchMap":{"0":{"type":"branch","line":15,"loc":{"start":{"line":15,"column":38},"end":{"line":19,"column":2}},"locations":[{"start":{"line":15,"column":38},"end":{"line":19,"column":2}}]},"1":{"type":"branch","line":17,"loc":{"start":{"line":17,"column":17},"end":{"line":18,"column":52}},"locations":[{"start":{"line":17,"column":17},"end":{"line":18,"column":52}}]},"2":{"type":"branch","line":18,"loc":{"start":{"line":18,"column":11},"end":{"line":18,"column":50}},"locations":[{"start":{"line":18,"column":11},"end":{"line":18,"column":50}}]}},"b":{"0":[5],"1":[4],"2":[4]},"fnMap":{"0":{"name":"setCoordinates","decl":{"start":{"line":17,"column":17},"end":{"line":18,"column":52}},"loc":{"start":{"line":17,"column":17},"end":{"line":18,"column":52}},"line":17}},"f":{"0":4}}
,"/Users/salih/Privat/Eigene_Projekte/PrayerTimes/src/api/index.ts": {"path":"/Users/salih/Privat/Eigene_Projekte/PrayerTimes/src/api/index.ts","all":false,"statementMap":{"0":{"start":{"line":1,"column":0},"end":{"line":1,"column":52}},"1":{"start":{"line":2,"column":0},"end":{"line":2,"column":66}},"2":{"start":{"line":3,"column":0},"end":{"line":3,"column":64}}},"s":{"0":1,"1":1,"2":1},"branchMap":{},"b":{},"fnMap":{},"f":{}}
,"/Users/salih/Privat/Eigene_Projekte/PrayerTimes/src/api/useGetCitiesByCountry.ts": {"path":"/Users/salih/Privat/Eigene_Projekte/PrayerTimes/src/api/useGetCitiesByCountry.ts","all":false,"statementMap":{"0":{"start":{"line":1,"column":0},"end":{"line":1,"column":49}},"1":{"start":{"line":2,"column":0},"end":{"line":2,"column":26}},"2":{"start":{"line":3,"column":0},"end":{"line":3,"column":0}},"3":{"start":{"line":4,"column":0},"end":{"line":4,"column":35}},"4":{"start":{"line":5,"column":0},"end":{"line":5,"column":16}},"5":{"start":{"line":6,"column":0},"end":{"line":6,"column":18}},"6":{"start":{"line":7,"column":0},"end":{"line":7,"column":19}},"7":{"start":{"line":8,"column":0},"end":{"line":8,"column":14}},"8":{"start":{"line":9,"column":0},"end":{"line":9,"column":25}},"9":{"start":{"line":10,"column":0},"end":{"line":10,"column":11}},"10":{"start":{"line":11,"column":0},"end":{"line":11,"column":15}},"11":{"start":{"line":12,"column":0},"end":{"line":12,"column":15}},"12":{"start":{"line":13,"column":0},"end":{"line":13,"column":3}},"13":{"start":{"line":14,"column":0},"end":{"line":14,"column":2}},"14":{"start":{"line":15,"column":0},"end":{"line":15,"column":0}},"15":{"start":{"line":16,"column":0},"end":{"line":16,"column":61}},"16":{"start":{"line":17,"column":0},"end":{"line":17,"column":39}},"17":{"start":{"line":18,"column":0},"end":{"line":18,"column":32}},"18":{"start":{"line":19,"column":0},"end":{"line":19,"column":24}},"19":{"start":{"line":20,"column":0},"end":{"line":20,"column":36}},"20":{"start":{"line":21,"column":0},"end":{"line":21,"column":65}},"21":{"start":{"line":22,"column":0},"end":{"line":22,"column":5}},"22":{"start":{"line":23,"column":0},"end":{"line":23,"column":15}},"23":{"start":{"line":24,"column":0},"end":{"line":24,"column":52}},"24":{"start":{"line":25,"column":0},"end":{"line":25,"column":7}},"25":{"start":{"line":26,"column":0},"end":{"line":26,"column":6}},"26":{"start":{"line":27,"column":0},"end":{"line":27,"column":5}},"27":{"start":{"line":28,"column":0},"end":{"line":28,"column":0}},"28":{"start":{"line":29,"column":0},"end":{"line":29,"column":15}},"29":{"start":{"line":30,"column":0},"end":{"line":30,"column":4}},"30":{"start":{"line":31,"column":0},"end":{"line":31,"column":4}}},"s":{"0":1,"1":1,"2":1,"3":1,"4":1,"5":1,"6":1,"7":1,"8":1,"9":1,"10":1,"11":1,"12":1,"13":1,"14":1,"15":1,"16":21,"17":21,"18":21,"19":7,"20":7,"21":7,"22":7,"23":7,"24":7,"25":7,"26":7,"27":7,"28":7,"29":7,"30":21},"branchMap":{"0":{"type":"branch","line":16,"loc":{"start":{"line":16,"column":37},"end":{"line":31,"column":4}},"locations":[{"start":{"line":16,"column":37},"end":{"line":31,"column":4}}]},"1":{"type":"branch","line":19,"loc":{"start":{"line":19,"column":11},"end":{"line":30,"column":4}},"locations":[{"start":{"line":19,"column":11},"end":{"line":30,"column":4}}]}},"b":{"0":[21],"1":[7]},"fnMap":{"0":{"name":"useGetCitiesByCountry","decl":{"start":{"line":16,"column":37},"end":{"line":31,"column":4}},"loc":{"start":{"line":16,"column":37},"end":{"line":31,"column":4}},"line":16},"1":{"name":"queryFn","decl":{"start":{"line":19,"column":11},"end":{"line":30,"column":4}},"loc":{"start":{"line":19,"column":11},"end":{"line":30,"column":4}},"line":19}},"f":{"0":21,"1":7}}
,"/Users/salih/Privat/Eigene_Projekte/PrayerTimes/src/api/useGetCountries.ts": {"path":"/Users/salih/Privat/Eigene_Projekte/PrayerTimes/src/api/useGetCountries.ts","all":false,"statementMap":{"0":{"start":{"line":1,"column":0},"end":{"line":1,"column":49}},"1":{"start":{"line":2,"column":0},"end":{"line":2,"column":26}},"2":{"start":{"line":3,"column":0},"end":{"line":3,"column":0}},"3":{"start":{"line":4,"column":0},"end":{"line":4,"column":82}},"4":{"start":{"line":5,"column":0},"end":{"line":5,"column":42}},"5":{"start":{"line":6,"column":0},"end":{"line":6,"column":48}},"6":{"start":{"line":7,"column":0},"end":{"line":7,"column":14}},"7":{"start":{"line":8,"column":0},"end":{"line":8,"column":54}},"8":{"start":{"line":9,"column":0},"end":{"line":9,"column":8}},"9":{"start":{"line":10,"column":0},"end":{"line":10,"column":17}},"10":{"start":{"line":11,"column":0},"end":{"line":11,"column":19}},"11":{"start":{"line":12,"column":0},"end":{"line":12,"column":21}},"12":{"start":{"line":13,"column":0},"end":{"line":13,"column":10}},"13":{"start":{"line":14,"column":0},"end":{"line":14,"column":4}},"14":{"start":{"line":15,"column":0},"end":{"line":15,"column":19}},"15":{"start":{"line":16,"column":0},"end":{"line":16,"column":21}},"16":{"start":{"line":17,"column":0},"end":{"line":17,"column":4}},"17":{"start":{"line":18,"column":0},"end":{"line":18,"column":4}},"18":{"start":{"line":19,"column":0},"end":{"line":19,"column":3}},"19":{"start":{"line":20,"column":0},"end":{"line":20,"column":2}},"20":{"start":{"line":21,"column":0},"end":{"line":21,"column":0}},"21":{"start":{"line":22,"column":0},"end":{"line":22,"column":38}},"22":{"start":{"line":23,"column":0},"end":{"line":23,"column":48}},"23":{"start":{"line":24,"column":0},"end":{"line":24,"column":26}},"24":{"start":{"line":25,"column":0},"end":{"line":25,"column":24}},"25":{"start":{"line":26,"column":0},"end":{"line":26,"column":36}},"26":{"start":{"line":27,"column":0},"end":{"line":27,"column":58}},"27":{"start":{"line":28,"column":0},"end":{"line":28,"column":5}},"28":{"start":{"line":29,"column":0},"end":{"line":29,"column":0}},"29":{"start":{"line":30,"column":0},"end":{"line":30,"column":15}},"30":{"start":{"line":31,"column":0},"end":{"line":31,"column":4}},"31":{"start":{"line":32,"column":0},"end":{"line":32,"column":4}},"32":{"start":{"line":33,"column":0},"end":{"line":33,"column":2}}},"s":{"0":1,"1":1,"2":1,"3":1,"4":1,"5":1,"6":1,"7":1,"8":1,"9":1,"10":1,"11":1,"12":1,"13":1,"14":1,"15":1,"16":1,"17":1,"18":1,"19":1,"20":1,"21":1,"22":30,"23":30,"24":30,"25":11,"26":11,"27":11,"28":11,"29":11,"30":11,"31":30,"32":30},"branchMap":{"0":{"type":"branch","line":22,"loc":{"start":{"line":22,"column":31},"end":{"line":33,"column":2}},"locations":[{"start":{"line":22,"column":31},"end":{"line":33,"column":2}}]},"1":{"type":"branch","line":25,"loc":{"start":{"line":25,"column":11},"end":{"line":31,"column":4}},"locations":[{"start":{"line":25,"column":11},"end":{"line":31,"column":4}}]}},"b":{"0":[30],"1":[11]},"fnMap":{"0":{"name":"useGetCountries","decl":{"start":{"line":22,"column":31},"end":{"line":33,"column":2}},"loc":{"start":{"line":22,"column":31},"end":{"line":33,"column":2}},"line":22},"1":{"name":"queryFn","decl":{"start":{"line":25,"column":11},"end":{"line":31,"column":4}},"loc":{"start":{"line":25,"column":11},"end":{"line":31,"column":4}},"line":25}},"f":{"0":30,"1":11}}
,"/Users/salih/Privat/Eigene_Projekte/PrayerTimes/src/api/useGetReverseGeocoding.ts": {"path":"/Users/salih/Privat/Eigene_Projekte/PrayerTimes/src/api/useGetReverseGeocoding.ts","all":false,"statementMap":{"0":{"start":{"line":1,"column":0},"end":{"line":1,"column":49}},"1":{"start":{"line":2,"column":0},"end":{"line":2,"column":26}},"2":{"start":{"line":3,"column":0},"end":{"line":3,"column":0}},"3":{"start":{"line":4,"column":0},"end":{"line":4,"column":78}},"4":{"start":{"line":5,"column":0},"end":{"line":5,"column":48}},"5":{"start":{"line":6,"column":0},"end":{"line":6,"column":9}},"6":{"start":{"line":7,"column":0},"end":{"line":7,"column":14}},"7":{"start":{"line":8,"column":0},"end":{"line":8,"column":14}},"8":{"start":{"line":9,"column":0},"end":{"line":9,"column":3}},"9":{"start":{"line":10,"column":0},"end":{"line":10,"column":17}},"10":{"start":{"line":11,"column":0},"end":{"line":11,"column":15}},"11":{"start":{"line":12,"column":0},"end":{"line":12,"column":18}},"12":{"start":{"line":13,"column":0},"end":{"line":13,"column":23}},"13":{"start":{"line":14,"column":0},"end":{"line":14,"column":15}},"14":{"start":{"line":15,"column":0},"end":{"line":15,"column":4}},"15":{"start":{"line":16,"column":0},"end":{"line":16,"column":2}},"16":{"start":{"line":17,"column":0},"end":{"line":17,"column":0}},"17":{"start":{"line":18,"column":0},"end":{"line":18,"column":80}},"18":{"start":{"line":19,"column":0},"end":{"line":19,"column":52}},"19":{"start":{"line":20,"column":0},"end":{"line":20,"column":54}},"20":{"start":{"line":21,"column":0},"end":{"line":21,"column":24}},"21":{"start":{"line":22,"column":0},"end":{"line":22,"column":70}},"22":{"start":{"line":23,"column":0},"end":{"line":23,"column":55}},"23":{"start":{"line":24,"column":0},"end":{"line":24,"column":56}},"24":{"start":{"line":25,"column":0},"end":{"line":25,"column":45}},"25":{"start":{"line":26,"column":0},"end":{"line":26,"column":76}},"26":{"start":{"line":27,"column":0},"end":{"line":27,"column":0}},"27":{"start":{"line":28,"column":0},"end":{"line":28,"column":46}},"28":{"start":{"line":29,"column":0},"end":{"line":29,"column":0}},"29":{"start":{"line":30,"column":0},"end":{"line":30,"column":15}},"30":{"start":{"line":31,"column":0},"end":{"line":31,"column":4}},"31":{"start":{"line":32,"column":0},"end":{"line":32,"column":4}},"32":{"start":{"line":33,"column":0},"end":{"line":33,"column":2}}},"s":{"0":1,"1":1,"2":1,"3":1,"4":1,"5":1,"6":1,"7":1,"8":1,"9":1,"10":1,"11":1,"12":1,"13":1,"14":1,"15":1,"16":1,"17":1,"18":10,"19":10,"20":10,"21":5,"22":5,"23":5,"24":5,"25":5,"26":5,"27":5,"28":4,"29":4,"30":5,"31":10,"32":10},"branchMap":{"0":{"type":"branch","line":18,"loc":{"start":{"line":18,"column":38},"end":{"line":33,"column":2}},"locations":[{"start":{"line":18,"column":38},"end":{"line":33,"column":2}}]},"1":{"type":"branch","line":21,"loc":{"start":{"line":21,"column":11},"end":{"line":31,"column":4}},"locations":[{"start":{"line":21,"column":11},"end":{"line":31,"column":4}}]},"2":{"type":"branch","line":28,"loc":{"start":{"line":28,"column":44},"end":{"line":30,"column":15}},"locations":[{"start":{"line":28,"column":44},"end":{"line":30,"column":15}}]}},"b":{"0":[10],"1":[5],"2":[4]},"fnMap":{"0":{"name":"useGetReverseGeocoding","decl":{"start":{"line":18,"column":38},"end":{"line":33,"column":2}},"loc":{"start":{"line":18,"column":38},"end":{"line":33,"column":2}},"line":18},"1":{"name":"queryFn","decl":{"start":{"line":21,"column":11},"end":{"line":31,"column":4}},"loc":{"start":{"line":21,"column":11},"end":{"line":31,"column":4}},"line":21}},"f":{"0":10,"1":5}}
,"/Users/salih/Privat/Eigene_Projekte/PrayerTimes/src/api/mocks/getCitiesByCountryResponseMock.ts": {"path":"/Users/salih/Privat/Eigene_Projekte/PrayerTimes/src/api/mocks/getCitiesByCountryResponseMock.ts","all":false,"statementMap":{"0":{"start":{"line":1,"column":0},"end":{"line":1,"column":68}},"1":{"start":{"line":2,"column":0},"end":{"line":2,"column":0}},"2":{"start":{"line":3,"column":0},"end":{"line":3,"column":70}},"3":{"start":{"line":4,"column":0},"end":{"line":4,"column":2}},"4":{"start":{"line":5,"column":0},"end":{"line":5,"column":12}},"5":{"start":{"line":6,"column":0},"end":{"line":6,"column":14}},"6":{"start":{"line":7,"column":0},"end":{"line":7,"column":15}},"7":{"start":{"line":8,"column":0},"end":{"line":8,"column":21}},"8":{"start":{"line":9,"column":0},"end":{"line":9,"column":33}},"9":{"start":{"line":10,"column":0},"end":{"line":10,"column":12}},"10":{"start":{"line":11,"column":0},"end":{"line":11,"column":14}},"11":{"start":{"line":12,"column":0},"end":{"line":12,"column":19}},"12":{"start":{"line":13,"column":0},"end":{"line":13,"column":4}},"13":{"start":{"line":14,"column":0},"end":{"line":14,"column":3}},"14":{"start":{"line":15,"column":0},"end":{"line":15,"column":2}},"15":{"start":{"line":16,"column":0},"end":{"line":16,"column":12}},"16":{"start":{"line":17,"column":0},"end":{"line":17,"column":14}},"17":{"start":{"line":18,"column":0},"end":{"line":18,"column":15}},"18":{"start":{"line":19,"column":0},"end":{"line":19,"column":22}},"19":{"start":{"line":20,"column":0},"end":{"line":20,"column":33}},"20":{"start":{"line":21,"column":0},"end":{"line":21,"column":12}},"21":{"start":{"line":22,"column":0},"end":{"line":22,"column":14}},"22":{"start":{"line":23,"column":0},"end":{"line":23,"column":19}},"23":{"start":{"line":24,"column":0},"end":{"line":24,"column":4}},"24":{"start":{"line":25,"column":0},"end":{"line":25,"column":3}},"25":{"start":{"line":26,"column":0},"end":{"line":26,"column":2}},"26":{"start":{"line":27,"column":0},"end":{"line":27,"column":12}},"27":{"start":{"line":28,"column":0},"end":{"line":28,"column":14}},"28":{"start":{"line":29,"column":0},"end":{"line":29,"column":15}},"29":{"start":{"line":30,"column":0},"end":{"line":30,"column":21}},"30":{"start":{"line":31,"column":0},"end":{"line":31,"column":33}},"31":{"start":{"line":32,"column":0},"end":{"line":32,"column":12}},"32":{"start":{"line":33,"column":0},"end":{"line":33,"column":14}},"33":{"start":{"line":34,"column":0},"end":{"line":34,"column":20}},"34":{"start":{"line":35,"column":0},"end":{"line":35,"column":4}},"35":{"start":{"line":36,"column":0},"end":{"line":36,"column":3}},"36":{"start":{"line":37,"column":0},"end":{"line":37,"column":2}}},"s":{"0":1,"1":1,"2":1,"3":1,"4":1,"5":1,"6":1,"7":1,"8":1,"9":1,"10":1,"11":1,"12":1,"13":1,"14":1,"15":1,"16":1,"17":1,"18":1,"19":1,"20":1,"21":1,"22":1,"23":1,"24":1,"25":1,"26":1,"27":1,"28":1,"29":1,"30":1,"31":1,"32":1,"33":1,"34":1,"35":1,"36":1},"branchMap":{},"b":{},"fnMap":{},"f":{}}
,"/Users/salih/Privat/Eigene_Projekte/PrayerTimes/src/api/mocks/getCountriesResponseMock.ts": {"path":"/Users/salih/Privat/Eigene_Projekte/PrayerTimes/src/api/mocks/getCountriesResponseMock.ts","all":false,"statementMap":{"0":{"start":{"line":1,"column":0},"end":{"line":1,"column":69}},"1":{"start":{"line":2,"column":0},"end":{"line":2,"column":0}},"2":{"start":{"line":3,"column":0},"end":{"line":3,"column":71}},"3":{"start":{"line":4,"column":0},"end":{"line":4,"column":2}},"4":{"start":{"line":5,"column":0},"end":{"line":5,"column":13}},"5":{"start":{"line":6,"column":0},"end":{"line":6,"column":9}},"6":{"start":{"line":7,"column":0},"end":{"line":7,"column":21}},"7":{"start":{"line":8,"column":0},"end":{"line":8,"column":23}},"8":{"start":{"line":9,"column":0},"end":{"line":9,"column":16}},"9":{"start":{"line":10,"column":0},"end":{"line":10,"column":9}},"10":{"start":{"line":11,"column":0},"end":{"line":11,"column":23}},"11":{"start":{"line":12,"column":0},"end":{"line":12,"column":25}},"12":{"start":{"line":13,"column":0},"end":{"line":13,"column":6}},"13":{"start":{"line":14,"column":0},"end":{"line":14,"column":5}},"14":{"start":{"line":15,"column":0},"end":{"line":15,"column":4}},"15":{"start":{"line":16,"column":0},"end":{"line":16,"column":3}},"16":{"start":{"line":17,"column":0},"end":{"line":17,"column":2}},"17":{"start":{"line":18,"column":0},"end":{"line":18,"column":13}},"18":{"start":{"line":19,"column":0},"end":{"line":19,"column":9}},"19":{"start":{"line":20,"column":0},"end":{"line":20,"column":21}},"20":{"start":{"line":21,"column":0},"end":{"line":21,"column":23}},"21":{"start":{"line":22,"column":0},"end":{"line":22,"column":16}},"22":{"start":{"line":23,"column":0},"end":{"line":23,"column":9}},"23":{"start":{"line":24,"column":0},"end":{"line":24,"column":23}},"24":{"start":{"line":25,"column":0},"end":{"line":25,"column":25}},"25":{"start":{"line":26,"column":0},"end":{"line":26,"column":6}},"26":{"start":{"line":27,"column":0},"end":{"line":27,"column":5}},"27":{"start":{"line":28,"column":0},"end":{"line":28,"column":4}},"28":{"start":{"line":29,"column":0},"end":{"line":29,"column":3}},"29":{"start":{"line":30,"column":0},"end":{"line":30,"column":2}},"30":{"start":{"line":31,"column":0},"end":{"line":31,"column":13}},"31":{"start":{"line":32,"column":0},"end":{"line":32,"column":9}},"32":{"start":{"line":33,"column":0},"end":{"line":33,"column":22}},"33":{"start":{"line":34,"column":0},"end":{"line":34,"column":24}},"34":{"start":{"line":35,"column":0},"end":{"line":35,"column":16}},"35":{"start":{"line":36,"column":0},"end":{"line":36,"column":9}},"36":{"start":{"line":37,"column":0},"end":{"line":37,"column":24}},"37":{"start":{"line":38,"column":0},"end":{"line":38,"column":26}},"38":{"start":{"line":39,"column":0},"end":{"line":39,"column":6}},"39":{"start":{"line":40,"column":0},"end":{"line":40,"column":5}},"40":{"start":{"line":41,"column":0},"end":{"line":41,"column":4}},"41":{"start":{"line":42,"column":0},"end":{"line":42,"column":3}},"42":{"start":{"line":43,"column":0},"end":{"line":43,"column":2}}},"s":{"0":1,"1":1,"2":1,"3":1,"4":1,"5":1,"6":1,"7":1,"8":1,"9":1,"10":1,"11":1,"12":1,"13":1,"14":1,"15":1,"16":1,"17":1,"18":1,"19":1,"20":1,"21":1,"22":1,"23":1,"24":1,"25":1,"26":1,"27":1,"28":1,"29":1,"30":1,"31":1,"32":1,"33":1,"34":1,"35":1,"36":1,"37":1,"38":1,"39":1,"40":1,"41":1,"42":1},"branchMap":{},"b":{},"fnMap":{},"f":{}}
,"/Users/salih/Privat/Eigene_Projekte/PrayerTimes/src/api/mocks/getReverseGeocodingResponseMock.ts": {"path":"/Users/salih/Privat/Eigene_Projekte/PrayerTimes/src/api/mocks/getReverseGeocodingResponseMock.ts","all":false,"statementMap":{"0":{"start":{"line":1,"column":0},"end":{"line":1,"column":82}},"1":{"start":{"line":2,"column":0},"end":{"line":2,"column":0}},"2":{"start":{"line":3,"column":0},"end":{"line":3,"column":80}},"3":{"start":{"line":4,"column":0},"end":{"line":4,"column":2}},"4":{"start":{"line":5,"column":0},"end":{"line":5,"column":10}},"5":{"start":{"line":6,"column":0},"end":{"line":6,"column":11}},"6":{"start":{"line":7,"column":0},"end":{"line":7,"column":11}},"7":{"start":{"line":8,"column":0},"end":{"line":8,"column":4}},"8":{"start":{"line":9,"column":0},"end":{"line":9,"column":12}},"9":{"start":{"line":10,"column":0},"end":{"line":10,"column":4}},"10":{"start":{"line":11,"column":0},"end":{"line":11,"column":22}},"11":{"start":{"line":12,"column":0},"end":{"line":12,"column":23}},"12":{"start":{"line":13,"column":0},"end":{"line":13,"column":23}},"13":{"start":{"line":14,"column":0},"end":{"line":14,"column":21}},"14":{"start":{"line":15,"column":0},"end":{"line":15,"column":5}},"15":{"start":{"line":16,"column":0},"end":{"line":16,"column":4}},"16":{"start":{"line":17,"column":0},"end":{"line":17,"column":3}}},"s":{"0":1,"1":1,"2":1,"3":1,"4":1,"5":1,"6":1,"7":1,"8":1,"9":1,"10":1,"11":1,"12":1,"13":1,"14":1,"15":1,"16":1},"branchMap":{},"b":{},"fnMap":{},"f":{}}
,"/Users/salih/Privat/Eigene_Projekte/PrayerTimes/src/api/mocks/index.ts": {"path":"/Users/salih/Privat/Eigene_Projekte/PrayerTimes/src/api/mocks/index.ts","all":false,"statementMap":{"0":{"start":{"line":1,"column":0},"end":{"line":1,"column":82}},"1":{"start":{"line":2,"column":0},"end":{"line":2,"column":70}},"2":{"start":{"line":3,"column":0},"end":{"line":3,"column":84}}},"s":{"0":1,"1":1,"2":1},"branchMap":{},"b":{},"fnMap":{},"f":{}}
,"/Users/salih/Privat/Eigene_Projekte/PrayerTimes/src/components/loading-indicator/LoadingIndicator.tsx": {"path":"/Users/salih/Privat/Eigene_Projekte/PrayerTimes/src/components/loading-indicator/LoadingIndicator.tsx","all":false,"statementMap":{"0":{"start":{"line":1,"column":0},"end":{"line":1,"column":52}},"1":{"start":{"line":2,"column":0},"end":{"line":2,"column":28}},"2":{"start":{"line":3,"column":0},"end":{"line":3,"column":0}},"3":{"start":{"line":4,"column":0},"end":{"line":4,"column":39}},"4":{"start":{"line":5,"column":0},"end":{"line":5,"column":46}},"5":{"start":{"line":6,"column":0},"end":{"line":6,"column":2}}},"s":{"0":1,"1":1,"2":1,"3":1,"4":28,"5":1},"branchMap":{"0":{"type":"branch","line":4,"loc":{"start":{"line":4,"column":32},"end":{"line":5,"column":46}},"locations":[{"start":{"line":4,"column":32},"end":{"line":5,"column":46}}]}},"b":{"0":[28]},"fnMap":{"0":{"name":"LoadingIndicator","decl":{"start":{"line":4,"column":32},"end":{"line":5,"column":46}},"loc":{"start":{"line":4,"column":32},"end":{"line":5,"column":46}},"line":4}},"f":{"0":28}}
,"/Users/salih/Privat/Eigene_Projekte/PrayerTimes/src/components/locator/Locator.tsx": {"path":"/Users/salih/Privat/Eigene_Projekte/PrayerTimes/src/components/locator/Locator.tsx","all":false,"statementMap":{"0":{"start":{"line":1,"column":0},"end":{"line":1,"column":33}},"1":{"start":{"line":2,"column":0},"end":{"line":2,"column":50}},"2":{"start":{"line":3,"column":0},"end":{"line":3,"column":39}},"3":{"start":{"line":4,"column":0},"end":{"line":4,"column":66}},"4":{"start":{"line":5,"column":0},"end":{"line":5,"column":85}},"5":{"start":{"line":6,"column":0},"end":{"line":6,"column":73}},"6":{"start":{"line":7,"column":0},"end":{"line":7,"column":0}},"7":{"start":{"line":8,"column":0},"end":{"line":8,"column":30}},"8":{"start":{"line":9,"column":0},"end":{"line":9,"column":70}},"9":{"start":{"line":10,"column":0},"end":{"line":10,"column":18}},"10":{"start":{"line":11,"column":0},"end":{"line":11,"column":0}},"11":{"start":{"line":12,"column":0},"end":{"line":12,"column":52}},"12":{"start":{"line":13,"column":0},"end":{"line":13,"column":36}},"13":{"start":{"line":14,"column":0},"end":{"line":14,"column":0}},"14":{"start":{"line":15,"column":0},"end":{"line":15,"column":29}},"15":{"start":{"line":16,"column":0},"end":{"line":16,"column":30}},"16":{"start":{"line":17,"column":0},"end":{"line":17,"column":2}},"17":{"start":{"line":18,"column":0},"end":{"line":18,"column":0}},"18":{"start":{"line":19,"column":0},"end":{"line":19,"column":60}},"19":{"start":{"line":20,"column":0},"end":{"line":20,"column":10}},"20":{"start":{"line":21,"column":0},"end":{"line":21,"column":26}},"21":{"start":{"line":22,"column":0},"end":{"line":22,"column":29}},"22":{"start":{"line":23,"column":0},"end":{"line":23,"column":30}},"23":{"start":{"line":24,"column":0},"end":{"line":24,"column":68}},"24":{"start":{"line":25,"column":0},"end":{"line":25,"column":5}},"25":{"start":{"line":26,"column":0},"end":{"line":26,"column":4}},"26":{"start":{"line":27,"column":0},"end":{"line":27,"column":2}},"27":{"start":{"line":28,"column":0},"end":{"line":28,"column":0}},"28":{"start":{"line":29,"column":0},"end":{"line":29,"column":33}},"29":{"start":{"line":30,"column":0},"end":{"line":30,"column":2}}},"s":{"0":1,"1":1,"2":1,"3":1,"4":1,"5":1,"6":1,"7":1,"8":9,"9":9,"10":9,"11":9,"12":9,"13":9,"14":9,"15":5,"16":5,"17":4,"18":9,"19":2,"20":2,"21":2,"22":2,"23":2,"24":2,"25":2,"26":2,"27":2,"28":2,"29":2},"branchMap":{"0":{"type":"branch","line":8,"loc":{"start":{"line":8,"column":23},"end":{"line":30,"column":2}},"locations":[{"start":{"line":8,"column":23},"end":{"line":30,"column":2}}]},"1":{"type":"branch","line":15,"loc":{"start":{"line":15,"column":28},"end":{"line":17,"column":2}},"locations":[{"start":{"line":15,"column":28},"end":{"line":17,"column":2}}]},"2":{"type":"branch","line":17,"loc":{"start":{"line":17,"column":1},"end":{"line":19,"column":29}},"locations":[{"start":{"line":17,"column":1},"end":{"line":19,"column":29}}]},"3":{"type":"branch","line":19,"loc":{"start":{"line":19,"column":21},"end":{"line":19,"column":59}},"locations":[{"start":{"line":19,"column":21},"end":{"line":19,"column":59}}]},"4":{"type":"branch","line":19,"loc":{"start":{"line":19,"column":59},"end":{"line":30,"column":2}},"locations":[{"start":{"line":19,"column":59},"end":{"line":30,"column":2}}]},"5":{"type":"branch","line":24,"loc":{"start":{"line":24,"column":25},"end":{"line":24,"column":68}},"locations":[{"start":{"line":24,"column":25},"end":{"line":24,"column":68}}]}},"b":{"0":[9],"1":[5],"2":[4],"3":[3],"4":[2],"5":[1]},"fnMap":{"0":{"name":"Locator","decl":{"start":{"line":8,"column":23},"end":{"line":30,"column":2}},"loc":{"start":{"line":8,"column":23},"end":{"line":30,"column":2}},"line":8},"1":{"name":"onUndoLocationClick","decl":{"start":{"line":24,"column":25},"end":{"line":24,"column":68}},"loc":{"start":{"line":24,"column":25},"end":{"line":24,"column":68}},"line":24}},"f":{"0":9,"1":1}}
,"/Users/salih/Privat/Eigene_Projekte/PrayerTimes/src/components/locator/ReversedGeoLocatedText.tsx": {"path":"/Users/salih/Privat/Eigene_Projekte/PrayerTimes/src/components/locator/ReversedGeoLocatedText.tsx","all":false,"statementMap":{"0":{"start":{"line":1,"column":0},"end":{"line":1,"column":48}},"1":{"start":{"line":2,"column":0},"end":{"line":2,"column":50}},"2":{"start":{"line":3,"column":0},"end":{"line":3,"column":47}},"3":{"start":{"line":4,"column":0},"end":{"line":4,"column":51}},"4":{"start":{"line":5,"column":0},"end":{"line":5,"column":73}},"5":{"start":{"line":6,"column":0},"end":{"line":6,"column":0}},"6":{"start":{"line":7,"column":0},"end":{"line":7,"column":29}},"7":{"start":{"line":8,"column":0},"end":{"line":8,"column":0}},"8":{"start":{"line":9,"column":0},"end":{"line":9,"column":36}},"9":{"start":{"line":10,"column":0},"end":{"line":10,"column":18}},"10":{"start":{"line":11,"column":0},"end":{"line":11,"column":19}},"11":{"start":{"line":12,"column":0},"end":{"line":12,"column":78}},"12":{"start":{"line":13,"column":0},"end":{"line":13,"column":33}},"13":{"start":{"line":14,"column":0},"end":{"line":14,"column":2}},"14":{"start":{"line":15,"column":0},"end":{"line":15,"column":0}},"15":{"start":{"line":16,"column":0},"end":{"line":16,"column":40}},"16":{"start":{"line":17,"column":0},"end":{"line":17,"column":10}},"17":{"start":{"line":18,"column":0},"end":{"line":18,"column":11}},"18":{"start":{"line":19,"column":0},"end":{"line":19,"column":21}},"19":{"start":{"line":20,"column":0},"end":{"line":20,"column":36}},"20":{"start":{"line":21,"column":0},"end":{"line":21,"column":64}},"21":{"start":{"line":22,"column":0},"end":{"line":22,"column":12}},"22":{"start":{"line":23,"column":0},"end":{"line":23,"column":11}},"23":{"start":{"line":24,"column":0},"end":{"line":24,"column":3}},"24":{"start":{"line":25,"column":0},"end":{"line":25,"column":0}},"25":{"start":{"line":26,"column":0},"end":{"line":26,"column":18}},"26":{"start":{"line":27,"column":0},"end":{"line":27,"column":30}},"27":{"start":{"line":28,"column":0},"end":{"line":28,"column":2}},"28":{"start":{"line":29,"column":0},"end":{"line":29,"column":0}},"29":{"start":{"line":30,"column":0},"end":{"line":30,"column":17}},"30":{"start":{"line":31,"column":0},"end":{"line":31,"column":10}},"31":{"start":{"line":32,"column":0},"end":{"line":32,"column":37}},"32":{"start":{"line":33,"column":0},"end":{"line":33,"column":25}},"33":{"start":{"line":34,"column":0},"end":{"line":34,"column":22}},"34":{"start":{"line":35,"column":0},"end":{"line":35,"column":44}},"35":{"start":{"line":36,"column":0},"end":{"line":36,"column":28}},"36":{"start":{"line":37,"column":0},"end":{"line":37,"column":13}},"37":{"start":{"line":38,"column":0},"end":{"line":38,"column":11}},"38":{"start":{"line":39,"column":0},"end":{"line":39,"column":11}},"39":{"start":{"line":40,"column":0},"end":{"line":40,"column":16}},"40":{"start":{"line":41,"column":0},"end":{"line":41,"column":29}},"41":{"start":{"line":42,"column":0},"end":{"line":42,"column":46}},"42":{"start":{"line":43,"column":0},"end":{"line":43,"column":42}},"43":{"start":{"line":44,"column":0},"end":{"line":44,"column":6}},"44":{"start":{"line":45,"column":0},"end":{"line":45,"column":10}},"45":{"start":{"line":46,"column":0},"end":{"line":46,"column":4}},"46":{"start":{"line":47,"column":0},"end":{"line":47,"column":2}},"47":{"start":{"line":48,"column":0},"end":{"line":48,"column":0}},"48":{"start":{"line":49,"column":0},"end":{"line":49,"column":9}},"49":{"start":{"line":50,"column":0},"end":{"line":50,"column":60}},"50":{"start":{"line":51,"column":0},"end":{"line":51,"column":69}},"51":{"start":{"line":52,"column":0},"end":{"line":52,"column":11}},"52":{"start":{"line":53,"column":0},"end":{"line":53,"column":3}},"53":{"start":{"line":54,"column":0},"end":{"line":54,"column":2}}},"s":{"0":1,"1":1,"2":1,"3":1,"4":1,"5":1,"6":1,"7":1,"8":1,"9":1,"10":1,"11":1,"12":1,"13":1,"14":1,"15":1,"16":10,"17":10,"18":10,"19":10,"20":10,"21":10,"22":10,"23":10,"24":10,"25":10,"26":5,"27":5,"28":5,"29":8,"30":4,"31":4,"32":4,"33":4,"34":4,"35":4,"36":4,"37":4,"38":4,"39":4,"40":4,"41":4,"42":4,"43":4,"44":4,"45":4,"46":4,"47":1,"48":1,"49":1,"50":1,"51":1,"52":1,"53":1},"branchMap":{"0":{"type":"branch","line":16,"loc":{"start":{"line":16,"column":38},"end":{"line":54,"column":2}},"locations":[{"start":{"line":16,"column":38},"end":{"line":54,"column":2}}]},"1":{"type":"branch","line":26,"loc":{"start":{"line":26,"column":17},"end":{"line":47,"column":2}},"locations":[{"start":{"line":26,"column":17},"end":{"line":47,"column":2}}]},"2":{"type":"branch","line":26,"loc":{"start":{"line":26,"column":17},"end":{"line":30,"column":16}},"locations":[{"start":{"line":26,"column":17},"end":{"line":30,"column":16}}]},"3":{"type":"branch","line":30,"loc":{"start":{"line":30,"column":16},"end":{"line":47,"column":2}},"locations":[{"start":{"line":30,"column":16},"end":{"line":47,"column":2}}]},"4":{"type":"branch","line":47,"loc":{"start":{"line":47,"column":1},"end":{"line":54,"column":2}},"locations":[{"start":{"line":47,"column":1},"end":{"line":54,"column":2}}]},"5":{"type":"branch","line":43,"loc":{"start":{"line":43,"column":14},"end":{"line":43,"column":42}},"locations":[{"start":{"line":43,"column":14},"end":{"line":43,"column":42}}]},"6":{"type":"branch","line":50,"loc":{"start":{"line":50,"column":31},"end":{"line":50,"column":60}},"locations":[{"start":{"line":50,"column":31},"end":{"line":50,"column":60}}]}},"b":{"0":[10],"1":[8],"2":[5],"3":[4],"4":[1],"5":[2],"6":[1]},"fnMap":{"0":{"name":"ReversedGeoLocatedText","decl":{"start":{"line":16,"column":38},"end":{"line":54,"column":2}},"loc":{"start":{"line":16,"column":38},"end":{"line":54,"column":2}},"line":16},"1":{"name":"onClick","decl":{"start":{"line":43,"column":14},"end":{"line":43,"column":42}},"loc":{"start":{"line":43,"column":14},"end":{"line":43,"column":42}},"line":43},"2":{"name":"onClick","decl":{"start":{"line":50,"column":31},"end":{"line":50,"column":60}},"loc":{"start":{"line":50,"column":31},"end":{"line":50,"column":60}},"line":50}},"f":{"0":10,"1":2,"2":1}}
,"/Users/salih/Privat/Eigene_Projekte/PrayerTimes/src/components/locator/useGeoLocation.ts": {"path":"/Users/salih/Privat/Eigene_Projekte/PrayerTimes/src/components/locator/useGeoLocation.ts","all":false,"statementMap":{"0":{"start":{"line":1,"column":0},"end":{"line":1,"column":44}},"1":{"start":{"line":2,"column":0},"end":{"line":2,"column":39}},"2":{"start":{"line":3,"column":0},"end":{"line":3,"column":0}},"3":{"start":{"line":4,"column":0},"end":{"line":4,"column":33}},"4":{"start":{"line":5,"column":0},"end":{"line":5,"column":32}},"5":{"start":{"line":6,"column":0},"end":{"line":6,"column":2}},"6":{"start":{"line":7,"column":0},"end":{"line":7,"column":0}},"7":{"start":{"line":8,"column":0},"end":{"line":8,"column":63}},"8":{"start":{"line":9,"column":0},"end":{"line":9,"column":74}},"9":{"start":{"line":10,"column":0},"end":{"line":10,"column":39}},"10":{"start":{"line":11,"column":0},"end":{"line":11,"column":0}},"11":{"start":{"line":12,"column":0},"end":{"line":12,"column":18}},"12":{"start":{"line":13,"column":0},"end":{"line":13,"column":23}},"13":{"start":{"line":14,"column":0},"end":{"line":14,"column":0}},"14":{"start":{"line":15,"column":0},"end":{"line":15,"column":43}},"15":{"start":{"line":16,"column":0},"end":{"line":16,"column":18}},"16":{"start":{"line":17,"column":0},"end":{"line":17,"column":20}},"17":{"start":{"line":18,"column":0},"end":{"line":18,"column":37}},"18":{"start":{"line":19,"column":0},"end":{"line":19,"column":75}},"19":{"start":{"line":20,"column":0},"end":{"line":20,"column":5}},"20":{"start":{"line":21,"column":0},"end":{"line":21,"column":5}},"21":{"start":{"line":22,"column":0},"end":{"line":22,"column":21}},"22":{"start":{"line":23,"column":0},"end":{"line":23,"column":20}},"23":{"start":{"line":24,"column":0},"end":{"line":24,"column":37}},"24":{"start":{"line":25,"column":0},"end":{"line":25,"column":5}},"25":{"start":{"line":26,"column":0},"end":{"line":26,"column":5}},"26":{"start":{"line":27,"column":0},"end":{"line":27,"column":4}},"27":{"start":{"line":28,"column":0},"end":{"line":28,"column":0}},"28":{"start":{"line":29,"column":0},"end":{"line":29,"column":16}},"29":{"start":{"line":30,"column":0},"end":{"line":30,"column":19}},"30":{"start":{"line":31,"column":0},"end":{"line":31,"column":4}},"31":{"start":{"line":32,"column":0},"end":{"line":32,"column":22}},"32":{"start":{"line":33,"column":0},"end":{"line":33,"column":0}},"33":{"start":{"line":34,"column":0},"end":{"line":34,"column":9}},"34":{"start":{"line":35,"column":0},"end":{"line":35,"column":24}},"35":{"start":{"line":36,"column":0},"end":{"line":36,"column":3}},"36":{"start":{"line":37,"column":0},"end":{"line":37,"column":2}}},"s":{"0":1,"1":1,"2":1,"3":1,"4":1,"5":1,"6":1,"7":1,"8":9,"9":9,"10":9,"11":9,"12":3,"13":3,"14":3,"15":3,"16":2,"17":2,"18":2,"19":2,"20":2,"21":3,"22":1,"23":1,"24":1,"25":1,"26":3,"27":3,"28":3,"29":3,"30":3,"31":9,"32":9,"33":9,"34":9,"35":9,"36":9},"branchMap":{"0":{"type":"branch","line":8,"loc":{"start":{"line":8,"column":30},"end":{"line":37,"column":2}},"locations":[{"start":{"line":8,"column":30},"end":{"line":37,"column":2}}]},"1":{"type":"branch","line":12,"loc":{"start":{"line":12,"column":11},"end":{"line":32,"column":4}},"locations":[{"start":{"line":12,"column":11},"end":{"line":32,"column":4}}]},"2":{"type":"branch","line":16,"loc":{"start":{"line":16,"column":3},"end":{"line":21,"column":5}},"locations":[{"start":{"line":16,"column":3},"end":{"line":21,"column":5}}]},"3":{"type":"branch","line":22,"loc":{"start":{"line":22,"column":3},"end":{"line":26,"column":5}},"locations":[{"start":{"line":22,"column":3},"end":{"line":26,"column":5}}]},"4":{"type":"branch","line":29,"loc":{"start":{"line":29,"column":9},"end":{"line":31,"column":4}},"locations":[{"start":{"line":29,"column":9},"end":{"line":31,"column":4}}]}},"b":{"0":[9],"1":[3],"2":[2],"3":[1],"4":[3]},"fnMap":{"0":{"name":"useGeoLocation","decl":{"start":{"line":8,"column":30},"end":{"line":37,"column":2}},"loc":{"start":{"line":8,"column":30},"end":{"line":37,"column":2}},"line":8}},"f":{"0":9}}
,"/Users/salih/Privat/Eigene_Projekte/PrayerTimes/src/components/locator/manual-location-select/CityByCountrySelect.tsx": {"path":"/Users/salih/Privat/Eigene_Projekte/PrayerTimes/src/components/locator/manual-location-select/CityByCountrySelect.tsx","all":false,"statementMap":{"0":{"start":{"line":1,"column":0},"end":{"line":1,"column":42}},"1":{"start":{"line":2,"column":0},"end":{"line":2,"column":53}},"2":{"start":{"line":3,"column":0},"end":{"line":3,"column":42}},"3":{"start":{"line":4,"column":0},"end":{"line":4,"column":52}},"4":{"start":{"line":5,"column":0},"end":{"line":5,"column":78}},"5":{"start":{"line":6,"column":0},"end":{"line":6,"column":76}},"6":{"start":{"line":7,"column":0},"end":{"line":7,"column":0}},"7":{"start":{"line":8,"column":0},"end":{"line":8,"column":41}},"8":{"start":{"line":9,"column":0},"end":{"line":9,"column":15}},"9":{"start":{"line":10,"column":0},"end":{"line":10,"column":15}},"10":{"start":{"line":11,"column":0},"end":{"line":11,"column":56}},"11":{"start":{"line":12,"column":0},"end":{"line":12,"column":0}},"12":{"start":{"line":13,"column":0},"end":{"line":13,"column":40}},"13":{"start":{"line":14,"column":0},"end":{"line":14,"column":59}},"14":{"start":{"line":15,"column":0},"end":{"line":15,"column":21}},"15":{"start":{"line":16,"column":0},"end":{"line":16,"column":44}},"16":{"start":{"line":17,"column":0},"end":{"line":17,"column":35}},"17":{"start":{"line":18,"column":0},"end":{"line":18,"column":61}},"18":{"start":{"line":19,"column":0},"end":{"line":19,"column":78}},"19":{"start":{"line":20,"column":0},"end":{"line":20,"column":2}},"20":{"start":{"line":21,"column":0},"end":{"line":21,"column":0}},"21":{"start":{"line":22,"column":0},"end":{"line":22,"column":37}},"22":{"start":{"line":23,"column":0},"end":{"line":23,"column":13}},"23":{"start":{"line":24,"column":0},"end":{"line":24,"column":7}},"24":{"start":{"line":25,"column":0},"end":{"line":25,"column":23}},"25":{"start":{"line":26,"column":0},"end":{"line":26,"column":33}},"26":{"start":{"line":27,"column":0},"end":{"line":27,"column":8}},"27":{"start":{"line":28,"column":0},"end":{"line":28,"column":38}},"28":{"start":{"line":29,"column":0},"end":{"line":29,"column":33}},"29":{"start":{"line":30,"column":0},"end":{"line":30,"column":40}},"30":{"start":{"line":31,"column":0},"end":{"line":31,"column":78}},"31":{"start":{"line":32,"column":0},"end":{"line":32,"column":0}},"32":{"start":{"line":33,"column":0},"end":{"line":33,"column":49}},"33":{"start":{"line":34,"column":0},"end":{"line":34,"column":7}},"34":{"start":{"line":35,"column":0},"end":{"line":35,"column":27}},"35":{"start":{"line":36,"column":0},"end":{"line":36,"column":39}},"36":{"start":{"line":37,"column":0},"end":{"line":37,"column":32}},"37":{"start":{"line":38,"column":0},"end":{"line":38,"column":20}},"38":{"start":{"line":39,"column":0},"end":{"line":39,"column":56}},"39":{"start":{"line":40,"column":0},"end":{"line":40,"column":5}},"40":{"start":{"line":41,"column":0},"end":{"line":41,"column":39}},"41":{"start":{"line":42,"column":0},"end":{"line":42,"column":53}},"42":{"start":{"line":43,"column":0},"end":{"line":43,"column":40}},"43":{"start":{"line":44,"column":0},"end":{"line":44,"column":49}},"44":{"start":{"line":45,"column":0},"end":{"line":45,"column":47}},"45":{"start":{"line":46,"column":0},"end":{"line":46,"column":7}},"46":{"start":{"line":47,"column":0},"end":{"line":47,"column":40}},"47":{"start":{"line":48,"column":0},"end":{"line":48,"column":57}},"48":{"start":{"line":49,"column":0},"end":{"line":49,"column":6}},"49":{"start":{"line":50,"column":0},"end":{"line":50,"column":55}},"50":{"start":{"line":51,"column":0},"end":{"line":51,"column":3}},"51":{"start":{"line":52,"column":0},"end":{"line":52,"column":0}},"52":{"start":{"line":53,"column":0},"end":{"line":53,"column":26}},"53":{"start":{"line":54,"column":0},"end":{"line":54,"column":30}},"54":{"start":{"line":55,"column":0},"end":{"line":55,"column":2}},"55":{"start":{"line":56,"column":0},"end":{"line":56,"column":0}},"56":{"start":{"line":57,"column":0},"end":{"line":57,"column":9}},"57":{"start":{"line":58,"column":0},"end":{"line":58,"column":15}},"58":{"start":{"line":59,"column":0},"end":{"line":59,"column":23}},"59":{"start":{"line":60,"column":0},"end":{"line":60,"column":37}},"60":{"start":{"line":61,"column":0},"end":{"line":61,"column":44}},"61":{"start":{"line":62,"column":0},"end":{"line":62,"column":28}},"62":{"start":{"line":63,"column":0},"end":{"line":63,"column":41}},"63":{"start":{"line":64,"column":0},"end":{"line":64,"column":28}},"64":{"start":{"line":65,"column":0},"end":{"line":65,"column":26}},"65":{"start":{"line":66,"column":0},"end":{"line":66,"column":42}},"66":{"start":{"line":67,"column":0},"end":{"line":67,"column":41}},"67":{"start":{"line":68,"column":0},"end":{"line":68,"column":57}},"68":{"start":{"line":69,"column":0},"end":{"line":69,"column":7}},"69":{"start":{"line":70,"column":0},"end":{"line":70,"column":6}},"70":{"start":{"line":71,"column":0},"end":{"line":71,"column":5}},"71":{"start":{"line":72,"column":0},"end":{"line":72,"column":51}},"72":{"start":{"line":73,"column":0},"end":{"line":73,"column":13}},"73":{"start":{"line":74,"column":0},"end":{"line":74,"column":4}},"74":{"start":{"line":75,"column":0},"end":{"line":75,"column":3}},"75":{"start":{"line":76,"column":0},"end":{"line":76,"column":2}}},"s":{"0":1,"1":1,"2":1,"3":1,"4":1,"5":1,"6":1,"7":1,"8":1,"9":1,"10":1,"11":1,"12":1,"13":1,"14":1,"15":1,"16":1,"17":1,"18":1,"19":1,"20":1,"21":1,"22":21,"23":21,"24":21,"25":21,"26":21,"27":21,"28":21,"29":21,"30":21,"31":21,"32":21,"33":21,"34":14,"35":14,"36":36,"37":36,"38":36,"39":14,"40":14,"41":34,"42":34,"43":34,"44":34,"45":14,"46":14,"47":22,"48":14,"49":21,"50":21,"51":21,"52":21,"53":7,"54":7,"55":14,"56":14,"57":14,"58":21,"59":21,"60":21,"61":21,"62":21,"63":21,"64":8,"65":8,"66":8,"67":21,"68":8,"69":8,"70":8,"71":21,"72":21,"73":21,"74":21,"75":21},"branchMap":{"0":{"type":"branch","line":22,"loc":{"start":{"line":22,"column":35},"end":{"line":76,"column":2}},"locations":[{"start":{"line":22,"column":35},"end":{"line":76,"column":2}}]},"1":{"type":"branch","line":53,"loc":{"start":{"line":53,"column":25},"end":{"line":55,"column":2}},"locations":[{"start":{"line":53,"column":25},"end":{"line":55,"column":2}}]},"2":{"type":"branch","line":55,"loc":{"start":{"line":55,"column":1},"end":{"line":59,"column":17}},"locations":[{"start":{"line":55,"column":1},"end":{"line":59,"column":17}}]},"3":{"type":"branch","line":59,"loc":{"start":{"line":59,"column":10},"end":{"line":59,"column":23}},"locations":[{"start":{"line":59,"column":10},"end":{"line":59,"column":23}}]},"4":{"type":"branch","line":34,"loc":{"start":{"line":34,"column":2},"end":{"line":49,"column":6}},"locations":[{"start":{"line":34,"column":2},"end":{"line":49,"column":6}}]},"5":{"type":"branch","line":36,"loc":{"start":{"line":36,"column":12},"end":{"line":39,"column":56}},"locations":[{"start":{"line":36,"column":12},"end":{"line":39,"column":56}}]},"6":{"type":"branch","line":41,"loc":{"start":{"line":41,"column":9},"end":{"line":46,"column":6}},"locations":[{"start":{"line":41,"column":9},"end":{"line":46,"column":6}}]},"7":{"type":"branch","line":47,"loc":{"start":{"line":47,"column":10},"end":{"line":48,"column":57}},"locations":[{"start":{"line":47,"column":10},"end":{"line":48,"column":57}}]},"8":{"type":"branch","line":64,"loc":{"start":{"line":64,"column":13},"end":{"line":71,"column":5}},"locations":[{"start":{"line":64,"column":13},"end":{"line":71,"column":5}}]},"9":{"type":"branch","line":67,"loc":{"start":{"line":67,"column":6},"end":{"line":68,"column":57}},"locations":[{"start":{"line":67,"column":6},"end":{"line":68,"column":57}}]}},"b":{"0":[21],"1":[7],"2":[14],"3":[1],"4":[14],"5":[36],"6":[34],"7":[22],"8":[8],"9":[21]},"fnMap":{"0":{"name":"CityByCountrySelect","decl":{"start":{"line":22,"column":35},"end":{"line":76,"column":2}},"loc":{"start":{"line":22,"column":35},"end":{"line":76,"column":2}},"line":22},"1":{"name":"onChange","decl":{"start":{"line":64,"column":13},"end":{"line":71,"column":5}},"loc":{"start":{"line":64,"column":13},"end":{"line":71,"column":5}},"line":64},"2":{"name":"onClear","decl":{"start":{"line":72,"column":12},"end":{"line":72,"column":51}},"loc":{"start":{"line":72,"column":12},"end":{"line":72,"column":51}},"line":72}},"f":{"0":21,"1":8,"2":0}}
,"/Users/salih/Privat/Eigene_Projekte/PrayerTimes/src/components/locator/manual-location-select/CountrySelect.tsx": {"path":"/Users/salih/Privat/Eigene_Projekte/PrayerTimes/src/components/locator/manual-location-select/CountrySelect.tsx","all":false,"statementMap":{"0":{"start":{"line":1,"column":0},"end":{"line":1,"column":36}},"1":{"start":{"line":2,"column":0},"end":{"line":2,"column":47}},"2":{"start":{"line":3,"column":0},"end":{"line":3,"column":42}},"3":{"start":{"line":4,"column":0},"end":{"line":4,"column":76}},"4":{"start":{"line":5,"column":0},"end":{"line":5,"column":0}},"5":{"start":{"line":6,"column":0},"end":{"line":6,"column":22}},"6":{"start":{"line":7,"column":0},"end":{"line":7,"column":15}},"7":{"start":{"line":8,"column":0},"end":{"line":8,"column":15}},"8":{"start":{"line":9,"column":0},"end":{"line":9,"column":2}},"9":{"start":{"line":10,"column":0},"end":{"line":10,"column":0}},"10":{"start":{"line":11,"column":0},"end":{"line":11,"column":27}},"11":{"start":{"line":12,"column":0},"end":{"line":12,"column":35}},"12":{"start":{"line":13,"column":0},"end":{"line":13,"column":16}},"13":{"start":{"line":14,"column":0},"end":{"line":14,"column":67}},"14":{"start":{"line":15,"column":0},"end":{"line":15,"column":48}},"15":{"start":{"line":16,"column":0},"end":{"line":16,"column":2}},"16":{"start":{"line":17,"column":0},"end":{"line":17,"column":0}},"17":{"start":{"line":18,"column":0},"end":{"line":18,"column":31}},"18":{"start":{"line":19,"column":0},"end":{"line":19,"column":17}},"19":{"start":{"line":20,"column":0},"end":{"line":20,"column":7}},"20":{"start":{"line":21,"column":0},"end":{"line":21,"column":27}},"21":{"start":{"line":22,"column":0},"end":{"line":22,"column":74}},"22":{"start":{"line":23,"column":0},"end":{"line":23,"column":20}},"23":{"start":{"line":24,"column":0},"end":{"line":24,"column":66}},"24":{"start":{"line":25,"column":0},"end":{"line":25,"column":0}},"25":{"start":{"line":26,"column":0},"end":{"line":26,"column":41}},"26":{"start":{"line":27,"column":0},"end":{"line":27,"column":7}},"27":{"start":{"line":28,"column":0},"end":{"line":28,"column":21}},"28":{"start":{"line":29,"column":0},"end":{"line":29,"column":33}},"29":{"start":{"line":30,"column":0},"end":{"line":30,"column":33}},"30":{"start":{"line":31,"column":0},"end":{"line":31,"column":20}},"31":{"start":{"line":32,"column":0},"end":{"line":32,"column":50}},"32":{"start":{"line":33,"column":0},"end":{"line":33,"column":5}},"33":{"start":{"line":34,"column":0},"end":{"line":34,"column":33}},"34":{"start":{"line":35,"column":0},"end":{"line":35,"column":34}},"35":{"start":{"line":36,"column":0},"end":{"line":36,"column":41}},"36":{"start":{"line":37,"column":0},"end":{"line":37,"column":7}},"37":{"start":{"line":38,"column":0},"end":{"line":38,"column":40}},"38":{"start":{"line":39,"column":0},"end":{"line":39,"column":57}},"39":{"start":{"line":40,"column":0},"end":{"line":40,"column":6}},"40":{"start":{"line":41,"column":0},"end":{"line":41,"column":43}},"41":{"start":{"line":42,"column":0},"end":{"line":42,"column":3}},"42":{"start":{"line":43,"column":0},"end":{"line":43,"column":0}},"43":{"start":{"line":44,"column":0},"end":{"line":44,"column":26}},"44":{"start":{"line":45,"column":0},"end":{"line":45,"column":30}},"45":{"start":{"line":46,"column":0},"end":{"line":46,"column":2}},"46":{"start":{"line":47,"column":0},"end":{"line":47,"column":0}},"47":{"start":{"line":48,"column":0},"end":{"line":48,"column":9}},"48":{"start":{"line":49,"column":0},"end":{"line":49,"column":15}},"49":{"start":{"line":50,"column":0},"end":{"line":50,"column":23}},"50":{"start":{"line":51,"column":0},"end":{"line":51,"column":37}},"51":{"start":{"line":52,"column":0},"end":{"line":52,"column":36}},"52":{"start":{"line":53,"column":0},"end":{"line":53,"column":31}},"53":{"start":{"line":54,"column":0},"end":{"line":54,"column":35}},"54":{"start":{"line":55,"column":0},"end":{"line":55,"column":28}},"55":{"start":{"line":56,"column":0},"end":{"line":56,"column":20}},"56":{"start":{"line":57,"column":0},"end":{"line":57,"column":34}},"57":{"start":{"line":58,"column":0},"end":{"line":58,"column":33}},"58":{"start":{"line":59,"column":0},"end":{"line":59,"column":49}},"59":{"start":{"line":60,"column":0},"end":{"line":60,"column":7}},"60":{"start":{"line":61,"column":0},"end":{"line":61,"column":6}},"61":{"start":{"line":62,"column":0},"end":{"line":62,"column":5}},"62":{"start":{"line":63,"column":0},"end":{"line":63,"column":45}},"63":{"start":{"line":64,"column":0},"end":{"line":64,"column":13}},"64":{"start":{"line":65,"column":0},"end":{"line":65,"column":4}},"65":{"start":{"line":66,"column":0},"end":{"line":66,"column":3}},"66":{"start":{"line":67,"column":0},"end":{"line":67,"column":2}}},"s":{"0":1,"1":1,"2":1,"3":1,"4":1,"5":1,"6":1,"7":1,"8":1,"9":1,"10":1,"11":1,"12":1,"13":1,"14":1,"15":1,"16":1,"17":1,"18":30,"19":30,"20":30,"21":30,"22":30,"23":30,"24":30,"25":30,"26":30,"27":18,"28":18,"29":45,"30":45,"31":45,"32":18,"33":18,"34":41,"35":41,"36":18,"37":18,"38":26,"39":18,"40":30,"41":30,"42":30,"43":30,"44":11,"45":11,"46":19,"47":19,"48":19,"49":30,"50":30,"51":30,"52":30,"53":30,"54":30,"55":8,"56":8,"57":8,"58":17,"59":8,"60":8,"61":8,"62":30,"63":30,"64":30,"65":30,"66":30},"branchMap":{"0":{"type":"branch","line":18,"loc":{"start":{"line":18,"column":29},"end":{"line":67,"column":2}},"locations":[{"start":{"line":18,"column":29},"end":{"line":67,"column":2}}]},"1":{"type":"branch","line":44,"loc":{"start":{"line":44,"column":25},"end":{"line":50,"column":17}},"locations":[{"start":{"line":44,"column":25},"end":{"line":50,"column":17}}]},"2":{"type":"branch","line":44,"loc":{"start":{"line":44,"column":25},"end":{"line":46,"column":2}},"locations":[{"start":{"line":44,"column":25},"end":{"line":46,"column":2}}]},"3":{"type":"branch","line":46,"loc":{"start":{"line":46,"column":1},"end":{"line":50,"column":17}},"locations":[{"start":{"line":46,"column":1},"end":{"line":50,"column":17}}]},"4":{"type":"branch","line":50,"loc":{"start":{"line":50,"column":10},"end":{"line":50,"column":23}},"locations":[{"start":{"line":50,"column":10},"end":{"line":50,"column":23}}]},"5":{"type":"branch","line":27,"loc":{"start":{"line":27,"column":2},"end":{"line":40,"column":6}},"locations":[{"start":{"line":27,"column":2},"end":{"line":40,"column":6}}]},"6":{"type":"branch","line":29,"loc":{"start":{"line":29,"column":12},"end":{"line":32,"column":50}},"locations":[{"start":{"line":29,"column":12},"end":{"line":32,"column":50}}]},"7":{"type":"branch","line":34,"loc":{"start":{"line":34,"column":9},"end":{"line":37,"column":6}},"locations":[{"start":{"line":34,"column":9},"end":{"line":37,"column":6}}]},"8":{"type":"branch","line":38,"loc":{"start":{"line":38,"column":10},"end":{"line":39,"column":57}},"locations":[{"start":{"line":38,"column":10},"end":{"line":39,"column":57}}]},"9":{"type":"branch","line":55,"loc":{"start":{"line":55,"column":13},"end":{"line":62,"column":5}},"locations":[{"start":{"line":55,"column":13},"end":{"line":62,"column":5}}]},"10":{"type":"branch","line":58,"loc":{"start":{"line":58,"column":6},"end":{"line":59,"column":49}},"locations":[{"start":{"line":58,"column":6},"end":{"line":59,"column":49}}]}},"b":{"0":[30],"1":[28],"2":[11],"3":[19],"4":[4],"5":[18],"6":[45],"7":[41],"8":[26],"9":[8],"10":[17]},"fnMap":{"0":{"name":"CountrySelect","decl":{"start":{"line":18,"column":29},"end":{"line":67,"column":2}},"loc":{"start":{"line":18,"column":29},"end":{"line":67,"column":2}},"line":18},"1":{"name":"onChange","decl":{"start":{"line":55,"column":13},"end":{"line":62,"column":5}},"loc":{"start":{"line":55,"column":13},"end":{"line":62,"column":5}},"line":55},"2":{"name":"onClear","decl":{"start":{"line":63,"column":12},"end":{"line":63,"column":45}},"loc":{"start":{"line":63,"column":12},"end":{"line":63,"column":45}},"line":63}},"f":{"0":30,"1":8,"2":0}}
,"/Users/salih/Privat/Eigene_Projekte/PrayerTimes/src/components/locator/manual-location-select/ManualLocationSelect.tsx": {"path":"/Users/salih/Privat/Eigene_Projekte/PrayerTimes/src/components/locator/manual-location-select/ManualLocationSelect.tsx","all":false,"statementMap":{"0":{"start":{"line":1,"column":0},"end":{"line":1,"column":42}},"1":{"start":{"line":2,"column":0},"end":{"line":2,"column":33}},"2":{"start":{"line":3,"column":0},"end":{"line":3,"column":61}},"3":{"start":{"line":4,"column":0},"end":{"line":4,"column":8}},"4":{"start":{"line":5,"column":0},"end":{"line":5,"column":21}},"5":{"start":{"line":6,"column":0},"end":{"line":6,"column":32}},"6":{"start":{"line":7,"column":0},"end":{"line":7,"column":31}},"7":{"start":{"line":8,"column":0},"end":{"line":8,"column":31}},"8":{"start":{"line":9,"column":0},"end":{"line":9,"column":42}},"9":{"start":{"line":10,"column":0},"end":{"line":10,"column":0}},"10":{"start":{"line":11,"column":0},"end":{"line":11,"column":43}},"11":{"start":{"line":12,"column":0},"end":{"line":12,"column":39}},"12":{"start":{"line":13,"column":0},"end":{"line":13,"column":76}},"13":{"start":{"line":14,"column":0},"end":{"line":14,"column":12}},"14":{"start":{"line":15,"column":0},"end":{"line":15,"column":3}},"15":{"start":{"line":16,"column":0},"end":{"line":16,"column":50}},"16":{"start":{"line":17,"column":0},"end":{"line":17,"column":39}},"17":{"start":{"line":18,"column":0},"end":{"line":18,"column":14}},"18":{"start":{"line":19,"column":0},"end":{"line":19,"column":0}},"19":{"start":{"line":20,"column":0},"end":{"line":20,"column":78}},"20":{"start":{"line":21,"column":0},"end":{"line":21,"column":18}},"21":{"start":{"line":22,"column":0},"end":{"line":22,"column":7}},"22":{"start":{"line":23,"column":0},"end":{"line":23,"column":35}},"23":{"start":{"line":24,"column":0},"end":{"line":24,"column":0}},"24":{"start":{"line":25,"column":0},"end":{"line":25,"column":17}},"25":{"start":{"line":26,"column":0},"end":{"line":26,"column":32}},"26":{"start":{"line":27,"column":0},"end":{"line":27,"column":10}},"27":{"start":{"line":28,"column":0},"end":{"line":28,"column":60}},"28":{"start":{"line":29,"column":0},"end":{"line":29,"column":4}},"29":{"start":{"line":30,"column":0},"end":{"line":30,"column":3}},"30":{"start":{"line":31,"column":0},"end":{"line":31,"column":0}},"31":{"start":{"line":32,"column":0},"end":{"line":32,"column":9}},"32":{"start":{"line":33,"column":0},"end":{"line":33,"column":30}},"33":{"start":{"line":34,"column":0},"end":{"line":34,"column":17}},"34":{"start":{"line":35,"column":0},"end":{"line":35,"column":27}},"35":{"start":{"line":36,"column":0},"end":{"line":36,"column":40}},"36":{"start":{"line":37,"column":0},"end":{"line":37,"column":5}},"37":{"start":{"line":38,"column":0},"end":{"line":38,"column":24}},"38":{"start":{"line":39,"column":0},"end":{"line":39,"column":55}},"39":{"start":{"line":40,"column":0},"end":{"line":40,"column":8}},"40":{"start":{"line":41,"column":0},"end":{"line":41,"column":24}},"41":{"start":{"line":42,"column":0},"end":{"line":42,"column":40}},"42":{"start":{"line":43,"column":0},"end":{"line":43,"column":25}},"43":{"start":{"line":44,"column":0},"end":{"line":44,"column":45}},"44":{"start":{"line":45,"column":0},"end":{"line":45,"column":6}},"45":{"start":{"line":46,"column":0},"end":{"line":46,"column":5}},"46":{"start":{"line":47,"column":0},"end":{"line":47,"column":9}},"47":{"start":{"line":48,"column":0},"end":{"line":48,"column":3}},"48":{"start":{"line":49,"column":0},"end":{"line":49,"column":2}}},"s":{"0":1,"1":1,"2":1,"3":1,"4":1,"5":1,"6":1,"7":1,"8":1,"9":1,"10":1,"11":10,"12":10,"13":10,"14":10,"15":10,"16":10,"17":10,"18":10,"19":10,"20":2,"21":2,"22":2,"23":2,"24":2,"25":2,"26":1,"27":1,"28":2,"29":2,"30":10,"31":10,"32":10,"33":10,"34":10,"35":10,"36":10,"37":10,"38":6,"39":4,"40":4,"41":4,"42":4,"43":4,"44":4,"45":10,"46":10,"47":10,"48":10},"branchMap":{"0":{"type":"branch","line":11,"loc":{"start":{"line":11,"column":36},"end":{"line":49,"column":2}},"locations":[{"start":{"line":11,"column":36},"end":{"line":49,"column":2}}]},"1":{"type":"branch","line":38,"loc":{"start":{"line":38,"column":5},"end":{"line":39,"column":55}},"locations":[{"start":{"line":38,"column":5},"end":{"line":39,"column":55}}]},"2":{"type":"branch","line":39,"loc":{"start":{"line":39,"column":53},"end":{"line":45,"column":6}},"locations":[{"start":{"line":39,"column":53},"end":{"line":45,"column":6}}]},"3":{"type":"branch","line":20,"loc":{"start":{"line":20,"column":77},"end":{"line":30,"column":3}},"locations":[{"start":{"line":20,"column":77},"end":{"line":30,"column":3}}]},"4":{"type":"branch","line":26,"loc":{"start":{"line":26,"column":23},"end":{"line":27,"column":10}},"locations":[{"start":{"line":26,"column":23},"end":{"line":27,"column":10}}]},"5":{"type":"branch","line":27,"loc":{"start":{"line":27,"column":6},"end":{"line":28,"column":60}},"locations":[{"start":{"line":27,"column":6},"end":{"line":28,"column":60}}]}},"b":{"0":[10],"1":[6],"2":[4],"3":[2],"4":[1],"5":[1]},"fnMap":{"0":{"name":"ManualLocationSelect","decl":{"start":{"line":11,"column":36},"end":{"line":49,"column":2}},"loc":{"start":{"line":11,"column":36},"end":{"line":49,"column":2}},"line":11},"1":{"name":"handleCitySelect","decl":{"start":{"line":20,"column":77},"end":{"line":30,"column":3}},"loc":{"start":{"line":20,"column":77},"end":{"line":30,"column":3}},"line":20}},"f":{"0":10,"1":2}}
}
